[0m[[0m[0mdebug[0m] [0m[0m> Exec(compile, None, None)[0m
[0m[[0m[0mdebug[0m] [0m[0mEvaluating tasks: foundations / Compile / compile, Compile / compile[0m
[0m[[0m[0mdebug[0m] [0m[0mRunning task... Cancel: Signal, check cycles: false, forcegc: true[0m
[0m[[0m[0minfo[0m] [0m[0mcompiling 3 Scala sources to /Users/marjanmubarok/Documents/Rock_The_JVM_Projects/zio-project/zio-rite-of-passage/modules/foundations/target/scala-3.3.0/classes ...[0m
[0m[[0m[31merror[0m] [0m[0m[31m[31m-- [E172] Type Error: /Users/marjanmubarok/Documents/Rock_The_JVM_Projects/zio-project/zio-rite-of-passage/modules/foundations/src/main/scala/com/rockthejvm/TapirDemo.scala:52:32 [0m[0m[0m
[0m[[0m[31merror[0m] [0m[0m[31m52 |[0m  .in(jsonBody[CreateJobRequest])[0m
[0m[[0m[31merror[0m] [0m[0m[31m[31m   |[0m                                ^[0m[0m
[0m[[0m[31merror[0m] [0m[0m[31m   |[0mCould not find Schema for type com.rockthejvm.CreateJobRequest.[0m
[0m[[0m[31merror[0m] [0m[0m[31m   |[0mAutomatic derivation requires the following import: `import sttp.tapir.generic.auto._`[0m
[0m[[0m[31merror[0m] [0m[0m[31m   |[0mYou can find more details in the docs: https://tapir.softwaremill.com/en/latest/endpoint/schemas.html#schema-derivation[0m
[0m[[0m[31merror[0m] [0m[0m[31m   |[0mWhen using datatypes integration remember to import respective schemas/codecs as described in https://tapir.softwaremill.com/en/latest/endpoint/integrations.html.[0m
[0m[[0m[31merror[0m] [0m[0m[31m   |[0mI found:[0m
[0m[[0m[31merror[0m] [0m[0m[31m   |[0m[0m
[0m[[0m[31merror[0m] [0m[0m[31m   |[0m    sttp.tapir.Schema.derivedSchema[[35mcom.rockthejvm.CreateJobRequest[0m]([0m
[0m[[0m[31merror[0m] [0m[0m[31m   |[0m      /* missing */[0m
[0m[[0m[31merror[0m] [0m[0m[31m   |[0m        summon[[0m
[0m[[0m[31merror[0m] [0m[0m[31m   |[0m          sttp.tapir.generic.Derived[[0m
[0m[[0m[31merror[0m] [0m[0m[31m   |[0m            sttp.tapir.Schema[com.rockthejvm.CreateJobRequest]][0m
[0m[[0m[31merror[0m] [0m[0m[31m   |[0m        ][0m
[0m[[0m[31merror[0m] [0m[0m[31m   |[0m    )[0m
[0m[[0m[31merror[0m] [0m[0m[31m   |[0m[0m
[0m[[0m[31merror[0m] [0m[0m[31m   |[0mBut no implicit values were found that match type sttp.tapir.generic.Derived[sttp.tapir.Schema[com.rockthejvm.CreateJobRequest]].[0m
[0m[[0m[31merror[0m] [0m[0m[31m[31m-- [E172] Type Error: /Users/marjanmubarok/Documents/Rock_The_JVM_Projects/zio-project/zio-rite-of-passage/modules/foundations/src/main/scala/com/rockthejvm/TapirDemo.scala:68:28 [0m[0m[0m
[0m[[0m[31merror[0m] [0m[0m[31m68 |[0m  .out(jsonBody[Option[Job]])[0m
[0m[[0m[31merror[0m] [0m[0m[31m[31m   |[0m                            ^[0m[0m
[0m[[0m[31merror[0m] [0m[0m[31m   |[0mCould not find Schema for type Option[com.rockthejvm.Job].[0m
[0m[[0m[31merror[0m] [0m[0m[31m   |[0mAutomatic derivation requires the following import: `import sttp.tapir.generic.auto._`[0m
[0m[[0m[31merror[0m] [0m[0m[31m   |[0mYou can find more details in the docs: https://tapir.softwaremill.com/en/latest/endpoint/schemas.html#schema-derivation[0m
[0m[[0m[31merror[0m] [0m[0m[31m   |[0mWhen using datatypes integration remember to import respective schemas/codecs as described in https://tapir.softwaremill.com/en/latest/endpoint/integrations.html.[0m
[0m[[0m[31merror[0m] [0m[0m[31m   |[0mI found:[0m
[0m[[0m[31merror[0m] [0m[0m[31m   |[0m[0m
[0m[[0m[31merror[0m] [0m[0m[31m   |[0m    sttp.tapir.Schema.schemaForOption[[35mcom.rockthejvm.Job[0m]([0m
[0m[[0m[31merror[0m] [0m[0m[31m   |[0m      sttp.tapir.Schema.derivedSchema[[35mcom.rockthejvm.Job[0m]([0m
[0m[[0m[31merror[0m] [0m[0m[31m   |[0m        /* missing */[0m
[0m[[0m[31merror[0m] [0m[0m[31m   |[0m          summon[sttp.tapir.generic.Derived[sttp.tapir.Schema[com.rockthejvm.Job]]][0m
[0m[[0m[31merror[0m] [0m[0m[31m   |[0m      )[0m
[0m[[0m[31merror[0m] [0m[0m[31m   |[0m    )[0m
[0m[[0m[31merror[0m] [0m[0m[31m   |[0m[0m
[0m[[0m[31merror[0m] [0m[0m[31m   |[0mBut no implicit values were found that match type sttp.tapir.generic.Derived[sttp.tapir.Schema[com.rockthejvm.Job]].[0m
[0m[[0m[31merror[0m] [0m[0m[31m[31m-- [E172] Type Error: /Users/marjanmubarok/Documents/Rock_The_JVM_Projects/zio-project/zio-rite-of-passage/modules/foundations/src/main/scala/com/rockthejvm/TapirDemo.scala:78:26 [0m[0m[0m
[0m[[0m[31merror[0m] [0m[0m[31m78 |[0m  .out(jsonBody[List[Job]])[0m
[0m[[0m[31merror[0m] [0m[0m[31m[31m   |[0m                          ^[0m[0m
[0m[[0m[31merror[0m] [0m[0m[31m   |[0mCould not find Schema for type List[com.rockthejvm.Job].[0m
[0m[[0m[31merror[0m] [0m[0m[31m   |[0mAutomatic derivation requires the following import: `import sttp.tapir.generic.auto._`[0m
[0m[[0m[31merror[0m] [0m[0m[31m   |[0mYou can find more details in the docs: https://tapir.softwaremill.com/en/latest/endpoint/schemas.html#schema-derivation[0m
[0m[[0m[31merror[0m] [0m[0m[31m   |[0mWhen using datatypes integration remember to import respective schemas/codecs as described in https://tapir.softwaremill.com/en/latest/endpoint/integrations.html.[0m
[0m[[0m[31merror[0m] [0m[0m[31m   |[0mI found:[0m
[0m[[0m[31merror[0m] [0m[0m[31m   |[0m[0m
[0m[[0m[31merror[0m] [0m[0m[31m   |[0m    sttp.tapir.Schema.schemaForIterable[[35mcom.rockthejvm.Job[0m, [35mList[0m]([0m
[0m[[0m[31merror[0m] [0m[0m[31m   |[0m      sttp.tapir.Schema.derivedSchema[[35mcom.rockthejvm.Job[0m]([0m
[0m[[0m[31merror[0m] [0m[0m[31m   |[0m        /* missing */[0m
[0m[[0m[31merror[0m] [0m[0m[31m   |[0m          summon[sttp.tapir.generic.Derived[sttp.tapir.Schema[com.rockthejvm.Job]]][0m
[0m[[0m[31merror[0m] [0m[0m[31m   |[0m      )[0m
[0m[[0m[31merror[0m] [0m[0m[31m   |[0m    )[0m
[0m[[0m[31merror[0m] [0m[0m[31m   |[0m[0m
[0m[[0m[31merror[0m] [0m[0m[31m   |[0mBut no implicit values were found that match type sttp.tapir.generic.Derived[sttp.tapir.Schema[com.rockthejvm.Job]].[0m
[0m[[0m[31merror[0m] [0m[0mthree errors found[0m
[0m[[0m[31merror[0m] [0m[0m(foundations / Compile / [31mcompileIncremental[0m) Compilation failed[0m
[0m[[0m[31merror[0m] [0m[0mTotal time: 3 s, completed 3 Dec 2024, 17:28:18[0m
[0m[[0m[0mdebug[0m] [0m[0m> Exec(idea-shell, None, None)[0m
